<?xml version="1.0" encoding="UTF-8"?>
<!-- Generated by org.testng.reporters.JUnitReportReporter -->
<testsuite hostname="DESKTOP-UCSIKFP" failures="0" tests="1" name="AMZTestScript" time="9.696" errors="0" timestamp="2025-10-06T23:33:50 PKT" skipped="0">
  <testcase classname="AMZTestScript" name="chnagelocation" time="9.696"/>
</testsuite> <!-- AMZTestScript -->
